#
# There is insufficient memory for the Java Runtime Environment to continue.
# Native memory allocation (malloc) failed to allocate 65552 bytes for Chunk::new
# Possible reasons:
#   The system is out of physical RAM or swap space
#   The process is running with CompressedOops enabled, and the Java Heap may be blocking the growth of the native heap
# Possible solutions:
#   Reduce memory load on the system
#   Increase physical memory or swap space
#   Check if swap backing store is full
#   Decrease Java heap size (-Xmx/-Xms)
#   Decrease number of Java threads
#   Decrease Java thread stack sizes (-Xss)
#   Set larger code cache with -XX:ReservedCodeCacheSize=
#   JVM is running with Unscaled Compressed Oops mode in which the Java heap is
#     placed in the first 4GB address space. The Java Heap base address is the
#     maximum limit for the native heap growth. Please use -XX:HeapBaseMinAddress
#     to set the Java Heap base and to place the Java Heap above 4GB virtual address.
# This output file may be truncated or incomplete.
#
#  Out of Memory Error (allocation.cpp:389), pid=11936, tid=0x00000000000047fc
#
# JRE version: OpenJDK Runtime Environment (8.0_312-b07) (build 1.8.0_312-b07)
# Java VM: OpenJDK 64-Bit Server VM (25.312-b07 mixed mode windows-amd64 compressed oops)
# Failed to write core dump. Minidumps are not enabled by default on client versions of Windows
#

---------------  T H R E A D  ---------------

Current thread (0x000001712dc28000):  JavaThread "C2 CompilerThread0" daemon [_thread_in_native, id=18428, stack(0x0000006c75000000,0x0000006c75100000)]

Stack: [0x0000006c75000000,0x0000006c75100000]
[error occurred during error reporting (printing stack bounds), id 0xc0000005]

Native frames: (J=compiled Java code, j=interpreted, Vv=VM code, C=native code)


Current CompileTask:
C2:  18043 3842       4       java.security.SecureClassLoader::defineClass (16 bytes)


---------------  P R O C E S S  ---------------

Java Threads: ( => current thread )
  0x000001713107e000 JavaThread "HikariPool-1 connection adder" daemon [_thread_blocked, id=18756, stack(0x0000006c75d00000,0x0000006c75e00000)]
  0x000001712e215800 JavaThread "HikariPool-1 housekeeper" daemon [_thread_blocked, id=20676, stack(0x0000006c75c00000,0x0000006c75d00000)]
  0x000001712e163000 JavaThread "mysql-cj-abandoned-connection-cleanup" daemon [_thread_blocked, id=13112, stack(0x0000006c75a00000,0x0000006c75b00000)]
  0x000001712dd8a000 JavaThread "container-0" [_thread_blocked, id=14064, stack(0x0000006c75900000,0x0000006c75a00000)]
  0x000001712e160000 JavaThread "Catalina-utility-2" [_thread_blocked, id=6816, stack(0x0000006c75800000,0x0000006c75900000)]
  0x000001712f5f4800 JavaThread "Catalina-utility-1" [_thread_blocked, id=21420, stack(0x0000006c75700000,0x0000006c75800000)]
  0x000001712e251800 JavaThread "restartedMain" [_thread_in_vm, id=21400, stack(0x0000006c75600000,0x0000006c75700000)]
  0x000001712d962000 JavaThread "Thread-0" [_thread_blocked, id=21368, stack(0x0000006c75500000,0x0000006c75600000)]
  0x000001712dcc4800 JavaThread "Service Thread" daemon [_thread_blocked, id=6460, stack(0x0000006c75300000,0x0000006c75400000)]
  0x000001712dc71800 JavaThread "C1 CompilerThread2" daemon [_thread_blocked, id=18456, stack(0x0000006c75200000,0x0000006c75300000)]
  0x000001712dc33000 JavaThread "C2 CompilerThread1" daemon [_thread_in_native, id=8648, stack(0x0000006c75100000,0x0000006c75200000)]
=>0x000001712dc28000 JavaThread "C2 CompilerThread0" daemon [_thread_in_native, id=18428, stack(0x0000006c75000000,0x0000006c75100000)]
  0x000001712dbbf000 JavaThread "Monitor Ctrl-Break" daemon [_thread_in_native, id=16716, stack(0x0000006c74f00000,0x0000006c75000000)]
  0x000001712cdc7000 JavaThread "Attach Listener" daemon [_thread_blocked, id=20920, stack(0x0000006c74e00000,0x0000006c74f00000)]
  0x000001712cdc6000 JavaThread "Signal Dispatcher" daemon [_thread_blocked, id=508, stack(0x0000006c74d00000,0x0000006c74e00000)]
  0x000001712cd9a800 JavaThread "Finalizer" daemon [_thread_blocked, id=276, stack(0x0000006c74c00000,0x0000006c74d00000)]
  0x000001712cd8c800 JavaThread "Reference Handler" daemon [_thread_blocked, id=3472, stack(0x0000006c74b00000,0x0000006c74c00000)]
  0x000001711907b800 JavaThread "main" [_thread_blocked, id=12988, stack(0x0000006c74500000,0x0000006c74600000)]

Other Threads:
  0x000001712cd62800 VMThread [stack: 0x0000006c74a00000,0x0000006c74b00000] [id=19836]
  0x000001712dcc8000 WatcherThread [stack: 0x0000006c75400000,0x0000006c75500000] [id=13592]

VM state:not at safepoint (normal execution)

VM Mutex/Monitor currently owned by a thread: None

heap address: 0x00000000c9e00000, size: 866 MB, Compressed Oops mode: 32-bit
Narrow klass base: 0x0000000000000000, Narrow klass shift: 3
Compressed class space size: 1073741824 Address: 0x0000000100000000

Heap:
 PSYoungGen      total 124416K, used 18291K [0x00000000edf80000, 0x00000000f6180000, 0x0000000100000000)
  eden space 116736K, 9% used [0x00000000edf80000,0x00000000ee9e1960,0x00000000f5180000)
  from space 7680K, 99% used [0x00000000f5a00000,0x00000000f617b450,0x00000000f6180000)
  to   space 8192K, 0% used [0x00000000f5180000,0x00000000f5180000,0x00000000f5980000)
 ParOldGen       total 38400K, used 20332K [0x00000000c9e00000, 0x00000000cc380000, 0x00000000edf80000)
  object space 38400K, 52% used [0x00000000c9e00000,0x00000000cb1db1b0,0x00000000cc380000)
 Metaspace       used 48233K, capacity 50948K, committed 51200K, reserved 1093632K
  class space    used 6621K, capacity 7115K, committed 7168K, reserved 1048576K

Card table byte_map: [0x0000017129d70000,0x0000017129f30000] byte_map_base: 0x0000017129721000

Marking Bits: (ParMarkBitMap*) 0x0000000069381860
 Begin Bits: [0x000001712a060000, 0x000001712ade8000)
 End Bits:   [0x000001712ade8000, 0x000001712bb70000)

Polling page: 0x0000017119170000

CodeCache: size=245760Kb used=12197Kb max_used=12197Kb free=233562Kb
 bounds [0x000001711a9b0000, 0x000001711b5b0000, 0x00000171299b0000]
 total_blobs=3983 nmethods=3477 adapters=419
 compilation: enabled

Compilation events (10 events):
Event: 17.987 Thread 0x000001712dc71800 3840       3       org.springframework.core.annotation.TypeMappedAnnotations$MergedAnnotationFinder::doWithAnnotations (75 bytes)
Event: 17.988 Thread 0x000001712dc71800 nmethod 3840 0x000001711b59ba50 code [0x000001711b59bbe0, 0x000001711b59c040]
Event: 17.996 Thread 0x000001712dc71800 3841       3       java.util.concurrent.CopyOnWriteArraySet::iterator (8 bytes)
Event: 17.996 Thread 0x000001712dc71800 nmethod 3841 0x000001711b59b2d0 code [0x000001711b59b440, 0x000001711b59b898]
Event: 17.997 Thread 0x000001712dc28000 3842       4       java.security.SecureClassLoader::defineClass (16 bytes)
Event: 17.998 Thread 0x000001712dc71800 3844       3       java.lang.ThreadLocal::set (30 bytes)
Event: 17.999 Thread 0x000001712dc71800 nmethod 3844 0x000001711b59e550 code [0x000001711b59e6e0, 0x000001711b59eaf0]
Event: 18.016 Thread 0x000001712dc71800 3846       3       java.util.ArrayList::add (54 bytes)
Event: 18.017 Thread 0x000001712dc71800 nmethod 3846 0x000001711b59d710 code [0x000001711b59d900, 0x000001711b59e160]
Event: 18.017 Thread 0x000001712dc71800 3847       3       org.springframework.core.convert.TypeDescriptor::equals (113 bytes)

GC Heap History (10 events):
Event: 9.716 GC heap before
{Heap before GC invocations=10 (full 1):
 PSYoungGen      total 124416K, used 116736K [0x00000000edf80000, 0x00000000f6180000, 0x0000000100000000)
  eden space 116736K, 100% used [0x00000000edf80000,0x00000000f5180000,0x00000000f5180000)
  from space 7680K, 0% used [0x00000000f5a00000,0x00000000f5a00000,0x00000000f6180000)
  to   space 8192K, 0% used [0x00000000f5180000,0x00000000f5180000,0x00000000f5980000)
 ParOldGen       total 27136K, used 6215K [0x00000000c9e00000, 0x00000000cb880000, 0x00000000edf80000)
  object space 27136K, 22% used [0x00000000c9e00000,0x00000000ca411ed8,0x00000000cb880000)
 Metaspace       used 28320K, capacity 30326K, committed 30464K, reserved 1075200K
  class space    used 3670K, capacity 4038K, committed 4096K, reserved 1048576K
Event: 9.774 GC heap after
Heap after GC invocations=10 (full 1):
 PSYoungGen      total 124928K, used 8174K [0x00000000edf80000, 0x00000000f6180000, 0x0000000100000000)
  eden space 116736K, 0% used [0x00000000edf80000,0x00000000edf80000,0x00000000f5180000)
  from space 8192K, 99% used [0x00000000f5180000,0x00000000f597bb50,0x00000000f5980000)
  to   space 7680K, 0% used [0x00000000f5a00000,0x00000000f5a00000,0x00000000f6180000)
 ParOldGen       total 27136K, used 9521K [0x00000000c9e00000, 0x00000000cb880000, 0x00000000edf80000)
  object space 27136K, 35% used [0x00000000c9e00000,0x00000000ca74c4a8,0x00000000cb880000)
 Metaspace       used 28320K, capacity 30326K, committed 30464K, reserved 1075200K
  class space    used 3670K, capacity 4038K, committed 4096K, reserved 1048576K
}
Event: 12.810 GC heap before
{Heap before GC invocations=11 (full 1):
 PSYoungGen      total 124928K, used 124910K [0x00000000edf80000, 0x00000000f6180000, 0x0000000100000000)
  eden space 116736K, 100% used [0x00000000edf80000,0x00000000f5180000,0x00000000f5180000)
  from space 8192K, 99% used [0x00000000f5180000,0x00000000f597bb50,0x00000000f5980000)
  to   space 7680K, 0% used [0x00000000f5a00000,0x00000000f5a00000,0x00000000f6180000)
 ParOldGen       total 27136K, used 9521K [0x00000000c9e00000, 0x00000000cb880000, 0x00000000edf80000)
  object space 27136K, 35% used [0x00000000c9e00000,0x00000000ca74c4a8,0x00000000cb880000)
 Metaspace       used 31937K, capacity 34156K, committed 34304K, reserved 1079296K
  class space    used 4145K, capacity 4517K, committed 4608K, reserved 1048576K
Event: 12.867 GC heap after
Heap after GC invocations=11 (full 1):
 PSYoungGen      total 124416K, used 7654K [0x00000000edf80000, 0x00000000f6180000, 0x0000000100000000)
  eden space 116736K, 0% used [0x00000000edf80000,0x00000000edf80000,0x00000000f5180000)
  from space 7680K, 99% used [0x00000000f5a00000,0x00000000f61799b8,0x00000000f6180000)
  to   space 8192K, 0% used [0x00000000f5180000,0x00000000f5180000,0x00000000f5980000)
 ParOldGen       total 27136K, used 10867K [0x00000000c9e00000, 0x00000000cb880000, 0x00000000edf80000)
  object space 27136K, 40% used [0x00000000c9e00000,0x00000000ca89cd38,0x00000000cb880000)
 Metaspace       used 31937K, capacity 34156K, committed 34304K, reserved 1079296K
  class space    used 4145K, capacity 4517K, committed 4608K, reserved 1048576K
}
Event: 13.343 GC heap before
{Heap before GC invocations=12 (full 1):
 PSYoungGen      total 124416K, used 21544K [0x00000000edf80000, 0x00000000f6180000, 0x0000000100000000)
  eden space 116736K, 11% used [0x00000000edf80000,0x00000000eed108b0,0x00000000f5180000)
  from space 7680K, 99% used [0x00000000f5a00000,0x00000000f61799b8,0x00000000f6180000)
  to   space 8192K, 0% used [0x00000000f5180000,0x00000000f5180000,0x00000000f5980000)
 ParOldGen       total 27136K, used 10867K [0x00000000c9e00000, 0x00000000cb880000, 0x00000000edf80000)
  object space 27136K, 40% used [0x00000000c9e00000,0x00000000ca89cd38,0x00000000cb880000)
 Metaspace       used 33161K, capacity 35362K, committed 35456K, reserved 1079296K
  class space    used 4317K, capacity 4682K, committed 4736K, reserved 1048576K
Event: 13.358 GC heap after
Heap after GC invocations=12 (full 1):
 PSYoungGen      total 124928K, used 1355K [0x00000000edf80000, 0x00000000f6180000, 0x0000000100000000)
  eden space 116736K, 0% used [0x00000000edf80000,0x00000000edf80000,0x00000000f5180000)
  from space 8192K, 16% used [0x00000000f5180000,0x00000000f52d2cf0,0x00000000f5980000)
  to   space 7680K, 0% used [0x00000000f5a00000,0x00000000f5a00000,0x00000000f6180000)
 ParOldGen       total 27136K, used 17268K [0x00000000c9e00000, 0x00000000cb880000, 0x00000000edf80000)
  object space 27136K, 63% used [0x00000000c9e00000,0x00000000caedd0f8,0x00000000cb880000)
 Metaspace       used 33161K, capacity 35362K, committed 35456K, reserved 1079296K
  class space    used 4317K, capacity 4682K, committed 4736K, reserved 1048576K
}
Event: 13.359 GC heap before
{Heap before GC invocations=13 (full 2):
 PSYoungGen      total 124928K, used 1355K [0x00000000edf80000, 0x00000000f6180000, 0x0000000100000000)
  eden space 116736K, 0% used [0x00000000edf80000,0x00000000edf80000,0x00000000f5180000)
  from space 8192K, 16% used [0x00000000f5180000,0x00000000f52d2cf0,0x00000000f5980000)
  to   space 7680K, 0% used [0x00000000f5a00000,0x00000000f5a00000,0x00000000f6180000)
 ParOldGen       total 27136K, used 17268K [0x00000000c9e00000, 0x00000000cb880000, 0x00000000edf80000)
  object space 27136K, 63% used [0x00000000c9e00000,0x00000000caedd0f8,0x00000000cb880000)
 Metaspace       used 33161K, capacity 35362K, committed 35456K, reserved 1079296K
  class space    used 4317K, capacity 4682K, committed 4736K, reserved 1048576K
Event: 13.459 GC heap after
Heap after GC invocations=13 (full 2):
 PSYoungGen      total 124928K, used 0K [0x00000000edf80000, 0x00000000f6180000, 0x0000000100000000)
  eden space 116736K, 0% used [0x00000000edf80000,0x00000000edf80000,0x00000000f5180000)
  from space 8192K, 0% used [0x00000000f5180000,0x00000000f5180000,0x00000000f5980000)
  to   space 7680K, 0% used [0x00000000f5a00000,0x00000000f5a00000,0x00000000f6180000)
 ParOldGen       total 38400K, used 12243K [0x00000000c9e00000, 0x00000000cc380000, 0x00000000edf80000)
  object space 38400K, 31% used [0x00000000c9e00000,0x00000000ca9f4df8,0x00000000cc380000)
 Metaspace       used 33161K, capacity 35362K, committed 35456K, reserved 1079296K
  class space    used 4317K, capacity 4682K, committed 4736K, reserved 1048576K
}
Event: 17.308 GC heap before
{Heap before GC invocations=14 (full 2):
 PSYoungGen      total 124928K, used 116736K [0x00000000edf80000, 0x00000000f6180000, 0x0000000100000000)
  eden space 116736K, 100% used [0x00000000edf80000,0x00000000f5180000,0x00000000f5180000)
  from space 8192K, 0% used [0x00000000f5180000,0x00000000f5180000,0x00000000f5980000)
  to   space 7680K, 0% used [0x00000000f5a00000,0x00000000f5a00000,0x00000000f6180000)
 ParOldGen       total 38400K, used 12243K [0x00000000c9e00000, 0x00000000cc380000, 0x00000000edf80000)
  object space 38400K, 31% used [0x00000000c9e00000,0x00000000ca9f4df8,0x00000000cc380000)
 Metaspace       used 47359K, capacity 50000K, committed 50304K, reserved 1093632K
  class space    used 6517K, capacity 6975K, committed 7040K, reserved 1048576K
Event: 17.394 GC heap after
Heap after GC invocations=14 (full 2):
 PSYoungGen      total 124416K, used 7661K [0x00000000edf80000, 0x00000000f6180000, 0x0000000100000000)
  eden space 116736K, 0% used [0x00000000edf80000,0x00000000edf80000,0x00000000f5180000)
  from space 7680K, 99% used [0x00000000f5a00000,0x00000000f617b450,0x00000000f6180000)
  to   space 8192K, 0% used [0x00000000f5180000,0x00000000f5180000,0x00000000f5980000)
 ParOldGen       total 38400K, used 20332K [0x00000000c9e00000, 0x00000000cc380000, 0x00000000edf80000)
  object space 38400K, 52% used [0x00000000c9e00000,0x00000000cb1db1b0,0x00000000cc380000)
 Metaspace       used 47359K, capacity 50000K, committed 50304K, reserved 1093632K
  class space    used 6517K, capacity 6975K, committed 7040K, reserved 1048576K
}

Deoptimization events (10 events):
Event: 16.118 Thread 0x000001712e251800 Uncommon trap: reason=bimorphic action=maybe_recompile pc=0x000001711b061ee8 method=java.lang.Throwable.<init>(Ljava/lang/String;Ljava/lang/Throwable;)V @ 24
Event: 16.619 Thread 0x000001712e251800 Uncommon trap: reason=unstable_if action=reinterpret pc=0x000001711b44f498 method=java.util.HashMap$HashIterator.<init>(Ljava/util/HashMap;)V @ 45
Event: 17.453 Thread 0x000001712e251800 Uncommon trap: reason=unstable_if action=reinterpret pc=0x000001711accd03c method=java.lang.CharacterDataLatin1.isWhitespace(I)Z @ 14
Event: 17.887 Thread 0x000001712e251800 Uncommon trap: reason=class_check action=maybe_recompile pc=0x000001711b3f4dd0 method=org.springframework.beans.factory.support.AbstractBeanFactory.isTypeMatch(Ljava/lang/String;Lorg/springframework/core/ResolvableType;Z)Z @ 53
Event: 17.897 Thread 0x000001712e251800 Uncommon trap: reason=class_check action=maybe_recompile pc=0x000001711b3f4dd0 method=org.springframework.beans.factory.support.AbstractBeanFactory.isTypeMatch(Ljava/lang/String;Lorg/springframework/core/ResolvableType;Z)Z @ 53
Event: 17.918 Thread 0x000001712e251800 Uncommon trap: reason=class_check action=maybe_recompile pc=0x000001711b2eeb1c method=org.springframework.core.ResolvableType.resolveType()Lorg/springframework/core/ResolvableType; @ 101
Event: 17.955 Thread 0x000001712e251800 Uncommon trap: reason=class_check action=maybe_recompile pc=0x000001711b3f4dd0 method=org.springframework.beans.factory.support.AbstractBeanFactory.isTypeMatch(Ljava/lang/String;Lorg/springframework/core/ResolvableType;Z)Z @ 53
Event: 17.959 Thread 0x000001712e251800 Uncommon trap: reason=unstable_if action=reinterpret pc=0x000001711b4e7684 method=org.springframework.core.annotation.TypeMappedAnnotations.scan(Ljava/lang/Object;Lorg/springframework/core/annotation/AnnotationsProcessor;)Ljava/lang/Object; @ 4
Event: 17.959 Thread 0x000001712e251800 Uncommon trap: reason=unstable_if action=reinterpret pc=0x000001711aaf9bbc method=org.springframework.core.annotation.TypeMappedAnnotations$MergedAnnotationFinder.doWithAnnotations(Ljava/lang/Object;ILjava/lang/Object;[Ljava/lang/annotation/Annotation;)Lo
Event: 17.960 Thread 0x000001712e251800 Uncommon trap: reason=class_check action=maybe_recompile pc=0x000001711b3f4dd0 method=org.springframework.beans.factory.support.AbstractBeanFactory.isTypeMatch(Ljava/lang/String;Lorg/springframework/core/ResolvableType;Z)Z @ 53

Classes redefined (0 events):
No events

Internal exceptions (10 events):
Event: 17.937 Thread 0x000001712e251800 Exception <a 'java/lang/ClassNotFoundException': org/springframework/beans/factory/AwareCustomizer> (0x00000000ee67d7a8) thrown at [C:\wsjdk\Corretto8Src\installers\windows\zip\corretto-build\buildRoot\src\hotspot\src\share\vm\classfile\systemDictionary.c
Event: 17.938 Thread 0x000001712e251800 Exception <a 'java/lang/ClassNotFoundException': org/springframework/beans/factory/BeanFactoryAwareCustomizer> (0x00000000ee694458) thrown at [C:\wsjdk\Corretto8Src\installers\windows\zip\corretto-build\buildRoot\src\hotspot\src\share\vm\classfile\systemD
Event: 17.939 Thread 0x000001712e251800 Exception <a 'java/lang/ClassNotFoundException': org/springframework/beans/factory/AwareCustomizer> (0x00000000ee6a9a58) thrown at [C:\wsjdk\Corretto8Src\installers\windows\zip\corretto-build\buildRoot\src\hotspot\src\share\vm\classfile\systemDictionary.c
Event: 17.940 Thread 0x000001712e251800 Exception <a 'java/lang/ClassNotFoundException': org/springframework/context/ApplicationEventPublisherAwareCustomizer> (0x00000000ee6c2508) thrown at [C:\wsjdk\Corretto8Src\installers\windows\zip\corretto-build\buildRoot\src\hotspot\src\share\vm\classfile
Event: 17.945 Thread 0x000001712e251800 Exception <a 'java/lang/ClassNotFoundException': org/springframework/beans/factory/AwareCustomizer> (0x00000000ee6d7cb0) thrown at [C:\wsjdk\Corretto8Src\installers\windows\zip\corretto-build\buildRoot\src\hotspot\src\share\vm\classfile\systemDictionary.c
Event: 17.969 Thread 0x000001712e251800 Exception <a 'java/lang/ClassNotFoundException': java/lang/ObjectCustomizer> (0x00000000ee71b3e0) thrown at [C:\wsjdk\Corretto8Src\installers\windows\zip\corretto-build\buildRoot\src\hotspot\src\share\vm\classfile\systemDictionary.cpp, line 217]
Event: 17.970 Thread 0x000001712e251800 Exception <a 'java/lang/ClassNotFoundException': org/springframework/core/io/support/PropertiesLoaderSupportCustomizer> (0x00000000ee737d40) thrown at [C:\wsjdk\Corretto8Src\installers\windows\zip\corretto-build\buildRoot\src\hotspot\src\share\vm\classfil
Event: 17.972 Thread 0x000001712e251800 Exception <a 'java/lang/ClassNotFoundException': org/springframework/beans/factory/config/PropertiesFactoryBeanCustomizer> (0x00000000ee75af90) thrown at [C:\wsjdk\Corretto8Src\installers\windows\zip\corretto-build\buildRoot\src\hotspot\src\share\vm\class
Event: 17.978 Thread 0x000001712e251800 Exception <a 'java/lang/ClassNotFoundException': org/springframework/beans/factory/FactoryBeanCustomizer> (0x00000000ee788560) thrown at [C:\wsjdk\Corretto8Src\installers\windows\zip\corretto-build\buildRoot\src\hotspot\src\share\vm\classfile\systemDictio
Event: 17.981 Thread 0x000001712e251800 Exception <a 'java/lang/ClassNotFoundException': org/springframework/beans/factory/InitializingBeanCustomizer> (0x00000000ee7a2640) thrown at [C:\wsjdk\Corretto8Src\installers\windows\zip\corretto-build\buildRoot\src\hotspot\src\share\vm\classfile\systemD

Events (10 events):
Event: 17.999 loading class org/springframework/data/repository/core/support/MethodLookup$InvokedMethod
Event: 17.999 loading class org/springframework/data/repository/core/support/MethodLookup$InvokedMethod done
Event: 18.000 loading class org/springframework/data/repository/core/support/MethodLookup
Event: 18.000 loading class org/springframework/data/repository/core/support/MethodLookup done
Event: 18.005 loading class org/springframework/data/repository/core/support/MethodLookup$MethodPredicate
Event: 18.005 loading class org/springframework/data/repository/core/support/MethodLookup$MethodPredicate done
Event: 18.006 loading class java/lang/SafeVarargs
Event: 18.007 loading class java/lang/SafeVarargs done
Event: 18.017 loading class java/lang/reflect/WeakCache$LookupValue
Event: 18.017 loading class java/lang/reflect/WeakCache$LookupValue done


Dynamic libraries:
0x00007ff7b2af0000 - 0x00007ff7b2b2a000 	C:\Users\pangs\.jdks\corretto-1.8.0_312\bin\java.exe
0x00007ffd97b70000 - 0x00007ffd97d68000 	C:\Windows\SYSTEM32\ntdll.dll
0x00007ffd96da0000 - 0x00007ffd96e5d000 	C:\Windows\System32\KERNEL32.DLL
0x00007ffd958f0000 - 0x00007ffd95bc2000 	C:\Windows\System32\KERNELBASE.dll
0x00007ffd97930000 - 0x00007ffd979de000 	C:\Windows\System32\ADVAPI32.dll
0x00007ffd971f0000 - 0x00007ffd9728e000 	C:\Windows\System32\msvcrt.dll
0x00007ffd97a90000 - 0x00007ffd97b2c000 	C:\Windows\System32\sechost.dll
0x00007ffd96910000 - 0x00007ffd96a35000 	C:\Windows\System32\RPCRT4.dll
0x00007ffd95ce0000 - 0x00007ffd95e7d000 	C:\Windows\System32\USER32.dll
0x00007ffd95680000 - 0x00007ffd956a2000 	C:\Windows\System32\win32u.dll
0x00007ffd95f70000 - 0x00007ffd95f9b000 	C:\Windows\System32\GDI32.dll
0x00007ffd956b0000 - 0x00007ffd957bf000 	C:\Windows\System32\gdi32full.dll
0x00007ffd95850000 - 0x00007ffd958ed000 	C:\Windows\System32\msvcp_win.dll
0x00007ffd953b0000 - 0x00007ffd954b0000 	C:\Windows\System32\ucrtbase.dll
0x00007ffd7a900000 - 0x00007ffd7ab9a000 	C:\Windows\WinSxS\amd64_microsoft.windows.common-controls_6595b64144ccf1df_6.0.19041.1110_none_60b5254171f9507e\COMCTL32.dll
0x00007ffd971c0000 - 0x00007ffd971f0000 	C:\Windows\System32\IMM32.DLL
0x00007ffd5e0f0000 - 0x00007ffd5e1df000 	C:\Users\pangs\.jdks\corretto-1.8.0_312\jre\bin\msvcr120.dll
0x00007ffd5e040000 - 0x00007ffd5e0e6000 	C:\Users\pangs\.jdks\corretto-1.8.0_312\jre\bin\msvcp120.dll
0x0000000068b90000 - 0x0000000069400000 	C:\Users\pangs\.jdks\corretto-1.8.0_312\jre\bin\server\jvm.dll
0x00007ffd95ee0000 - 0x00007ffd95ee8000 	C:\Windows\System32\PSAPI.DLL
0x00007ffd8d3a0000 - 0x00007ffd8d3a9000 	C:\Windows\SYSTEM32\WSOCK32.dll
0x00007ffd96d30000 - 0x00007ffd96d9b000 	C:\Windows\System32\WS2_32.dll
0x00007ffd8c830000 - 0x00007ffd8c857000 	C:\Windows\SYSTEM32\WINMM.dll
0x00007ffd8c820000 - 0x00007ffd8c82a000 	C:\Windows\SYSTEM32\VERSION.dll
0x00007ffd8d770000 - 0x00007ffd8d77f000 	C:\Users\pangs\.jdks\corretto-1.8.0_312\jre\bin\verify.dll
0x00007ffd8a700000 - 0x00007ffd8a729000 	C:\Users\pangs\.jdks\corretto-1.8.0_312\jre\bin\java.dll
0x00007ffd666a0000 - 0x00007ffd666ca000 	C:\Users\pangs\.jdks\corretto-1.8.0_312\jre\bin\instrument.dll
0x00007ffd8a060000 - 0x00007ffd8a076000 	C:\Users\pangs\.jdks\corretto-1.8.0_312\jre\bin\zip.dll
0x00007ffd96070000 - 0x00007ffd967b3000 	C:\Windows\System32\SHELL32.dll
0x00007ffd930e0000 - 0x00007ffd93871000 	C:\Windows\SYSTEM32\windows.storage.dll
0x00007ffd96e60000 - 0x00007ffd971b4000 	C:\Windows\System32\combase.dll
0x00007ffd94c00000 - 0x00007ffd94c30000 	C:\Windows\SYSTEM32\Wldp.dll
0x00007ffd97880000 - 0x00007ffd9792d000 	C:\Windows\System32\SHCORE.dll
0x00007ffd95e80000 - 0x00007ffd95ed5000 	C:\Windows\System32\shlwapi.dll
0x00007ffd951c0000 - 0x00007ffd951df000 	C:\Windows\SYSTEM32\profapi.dll
0x00007ffd5e020000 - 0x00007ffd5e03a000 	C:\Program Files\JetBrains\IntelliJ IDEA Community Edition 2020.3.1\bin\breakgen64.dll
0x00007ffd81dd0000 - 0x00007ffd81dea000 	C:\Users\pangs\.jdks\corretto-1.8.0_312\jre\bin\net.dll
0x00007ffd94940000 - 0x00007ffd949aa000 	C:\Windows\system32\mswsock.dll
0x00007ffd8d5b0000 - 0x00007ffd8d5bd000 	C:\Users\pangs\.jdks\corretto-1.8.0_312\jre\bin\management.dll
0x00007ffd73fb0000 - 0x00007ffd73fc7000 	C:\Windows\system32\napinsp.dll
0x00007ffd73f90000 - 0x00007ffd73fab000 	C:\Windows\system32\pnrpnsp.dll
0x00007ffd8efa0000 - 0x00007ffd8efb5000 	C:\Windows\system32\wshbth.dll
0x00007ffd904f0000 - 0x00007ffd9050d000 	C:\Windows\system32\NLAapi.dll
0x00007ffd94620000 - 0x00007ffd9465b000 	C:\Windows\SYSTEM32\IPHLPAPI.DLL
0x00007ffd94660000 - 0x00007ffd9472a000 	C:\Windows\SYSTEM32\DNSAPI.dll
0x00007ffd96900000 - 0x00007ffd96908000 	C:\Windows\System32\NSI.dll
0x00007ffd73e60000 - 0x00007ffd73e72000 	C:\Windows\System32\winrnr.dll
0x00007ffd87560000 - 0x00007ffd8756a000 	C:\Windows\System32\rasadhlp.dll
0x00007ffd874e0000 - 0x00007ffd87560000 	C:\Windows\System32\fwpuclnt.dll
0x00007ffd95380000 - 0x00007ffd953a7000 	C:\Windows\System32\bcrypt.dll
0x00007ffd79c60000 - 0x00007ffd79c72000 	C:\Users\pangs\.jdks\corretto-1.8.0_312\jre\bin\nio.dll
0x00007ffd94b50000 - 0x00007ffd94b68000 	C:\Windows\SYSTEM32\CRYPTSP.dll
0x00007ffd94240000 - 0x00007ffd94274000 	C:\Windows\system32\rsaenh.dll
0x00007ffd95140000 - 0x00007ffd9516e000 	C:\Windows\SYSTEM32\USERENV.dll
0x00007ffd957c0000 - 0x00007ffd95842000 	C:\Windows\System32\bcryptprimitives.dll
0x00007ffd94b70000 - 0x00007ffd94b7c000 	C:\Windows\SYSTEM32\CRYPTBASE.dll
0x00007ffd8a950000 - 0x00007ffd8a967000 	C:\Windows\SYSTEM32\dhcpcsvc6.DLL
0x00007ffd8a930000 - 0x00007ffd8a94d000 	C:\Windows\SYSTEM32\dhcpcsvc.DLL
0x00007ffd58650000 - 0x00007ffd58673000 	C:\Users\pangs\.jdks\corretto-1.8.0_312\jre\bin\sunec.dll
0x00007ffd79aa0000 - 0x00007ffd79aac000 	C:\Users\pangs\.jdks\corretto-1.8.0_312\jre\bin\sunmscapi.dll
0x00007ffd954b0000 - 0x00007ffd95606000 	C:\Windows\System32\CRYPT32.dll
0x00007ffd94c70000 - 0x00007ffd94c97000 	C:\Windows\SYSTEM32\ncrypt.dll
0x00007ffd94c30000 - 0x00007ffd94c6b000 	C:\Windows\SYSTEM32\NTASN1.dll

VM Arguments:
jvm_args: -javaagent:C:\Program Files\JetBrains\IntelliJ IDEA Community Edition 2020.3.1\lib\idea_rt.jar=31164:C:\Program Files\JetBrains\IntelliJ IDEA Community Edition 2020.3.1\bin -Dfile.encoding=UTF-8 
java_command: com.test.userservice.UserserviceApplication
java_class_path (initial): C:\Users\pangs\.jdks\corretto-1.8.0_312\jre\lib\charsets.jar;C:\Users\pangs\.jdks\corretto-1.8.0_312\jre\lib\ext\access-bridge-64.jar;C:\Users\pangs\.jdks\corretto-1.8.0_312\jre\lib\ext\cldrdata.jar;C:\Users\pangs\.jdks\corretto-1.8.0_312\jre\lib\ext\dnsns.jar;C:\Users\pangs\.jdks\corretto-1.8.0_312\jre\lib\ext\jaccess.jar;C:\Users\pangs\.jdks\corretto-1.8.0_312\jre\lib\ext\jfxrt.jar;C:\Users\pangs\.jdks\corretto-1.8.0_312\jre\lib\ext\localedata.jar;C:\Users\pangs\.jdks\corretto-1.8.0_312\jre\lib\ext\nashorn.jar;C:\Users\pangs\.jdks\corretto-1.8.0_312\jre\lib\ext\sunec.jar;C:\Users\pangs\.jdks\corretto-1.8.0_312\jre\lib\ext\sunjce_provider.jar;C:\Users\pangs\.jdks\corretto-1.8.0_312\jre\lib\ext\sunmscapi.jar;C:\Users\pangs\.jdks\corretto-1.8.0_312\jre\lib\ext\sunpkcs11.jar;C:\Users\pangs\.jdks\corretto-1.8.0_312\jre\lib\ext\zipfs.jar;C:\Users\pangs\.jdks\corretto-1.8.0_312\jre\lib\jce.jar;C:\Users\pangs\.jdks\corretto-1.8.0_312\jre\lib\jfr.jar;C:\Users\pangs\.jdks\corretto-1.8.0_312\jre\lib\jfxswt.jar;C:\Users\pangs\.jdks\corretto-1.8.0_312\jre\lib\jsse.jar;C:\Users\pangs\.jdks\corretto-1.8.0_312\jre\lib\management-agent.jar;C:\Users\pangs\.jdks\corretto-1.8.0_312\jre\lib\resources.jar;C:\Users\pangs\.jdks\corretto-1.8.0_312\jre\lib\rt.jar;C:\My Data\Loker\PT. Inti Corpora Teknologi\userservice\target\classes;C:\Users\pangs\.m2\repository\org\springframework\boot\spring-boot-starter-data-jpa\2.7.5\spring-boot-starter-data-jpa-2.7.5.jar;C:\Users\pangs\.m2\repository\org\springframework\boot\spring-boot-starter-aop\2.7.5\spring-boot-starter-aop-2.7.5.jar;C:\Users\pangs\.m2\repository\org\springframework\spring-aop\5.3.23\spring-aop-5.3.23.jar;C:\Users\pangs\.m2\repository\org\aspectj\aspectjweaver\1.9.7\aspectjweaver-1.9.7.jar;C:\Users\pangs\.m2\repository\org\springframework\boot\spring-boot-starter-jdbc\2.7.5\spring-boot-starter-jdbc-2.7.5.jar;C:\Users\pangs\.m2\repository\com\zaxxer\HikariCP\4.0.3\HikariCP-4.0.3.jar;C:\Users\pangs\.m2\r
Launcher Type: SUN_STANDARD

Environment Variables:
JAVA_HOME=C:\Program Files\OpenJDK\jdk-8.0.262.10-hotspot
PATH=C:\Windows\system32;C:\Windows;C:\Windows\System32\Wbem;C:\Windows\System32\WindowsPowerShell\v1.0\;C:\Windows\System32\OpenSSH\;C:\Program Files\nodejs\;C:\Program Files\Git\cmd;C:\Program Files\Microsoft SQL Server\110\Tools\Binn\;C:\Program Files (x86)\Microsoft SQL Server\110\Tools\Binn\;C:\Program Files\Microsoft SQL Server\110\DTS\Binn\;C:\Program Files (x86)\Microsoft SQL Server\110\Tools\Binn\ManagementStudio\;C:\Program Files (x86)\Microsoft SQL Server\110\DTS\Binn\;C:\Users\pangs\apache-maven-3.8.2\bin;C:\Program Files\OpenJDK\jdk-8.0.262.10-hotspot\bin;C:\Users\pangs\apache-maven-3.8.2\bin;C:\Program Files\OpenJDK\jdk-8.0.262.10-hotspot\bin;C:\Program Files\Microsoft\Web Platform Installer\;C:\Program Files (x86)\Microsoft ASP.NET\ASP.NET Web Pages\v1.0\;C:\Program Files (x86)\Windows Kits\8.0\Windows Performance Toolkit\;C:\Program Files\Go\bin;C:\Program Files\Docker\Docker\resources\bin;C:\ProgramData\DockerDesktop\version-bin;C:\Users\pangs\AppData\Local\Microsoft\WindowsApps;C:\Users\pangs\AppData\Local\Programs\Microsoft VS Code\bin;C:\Users\pangs\AppData\Roaming\npm;C:\Program Files\heroku\bin;D:\POS\AppServ\Apache2.2\bin;D:\POS\AppServ\php5;D:\POS\AppServ\MySQL\bin;C:\Users\pangs\go\bin;C:\Program Files\JetBrains\IntelliJ IDEA Community Edition 2020.3.1\bin;
USERNAME=pangs
OS=Windows_NT
PROCESSOR_IDENTIFIER=AMD64 Family 23 Model 24 Stepping 1, AuthenticAMD



---------------  S Y S T E M  ---------------

OS: Windows 10.0 , 64 bit Build 19041 (10.0.19041.1889)

CPU:total 4 (initial active 4) (4 cores per cpu, 1 threads per core) family 23 model 24 stepping 1, cmov, cx8, fxsr, mmx, sse, sse2, sse3, ssse3, sse4.1, sse4.2, popcnt, avx, avx2, aes, clmul, mmxext, 3dnowpref, lzcnt, sse4a, tsc, tscinvbit, tscinv, bmi1

Memory: 4k page, physical 3543304k(161792k free), swap 14553352k(1340k free)

vm_info: OpenJDK 64-Bit Server VM (25.312-b07) for windows-amd64 JRE (1.8.0_312-b07), built on Oct 14 2021 21:08:49 by "Administrator" with MS VC++ 12.0 (VS2013)

time: Tue Nov 01 18:03:26 2022
timezone: SE Asia Standard Time
elapsed time: 18.077965 seconds (0d 0h 0m 18s)

